[2021-07-23][15:44:48][catnetd][INFO] info
[2021-07-23][15:44:48][catnetd][WARN] warn
[2021-07-23][15:44:48][catnetd][ERROR] error
[2021-07-23][15:45:22][catnetd][INFO] info
[2021-07-23][15:45:22][catnetd][WARN] warn
[2021-07-23][15:45:22][catnetd][ERROR] error
[2021-07-23][15:45:23][catnetd][DEBUG] debug
[2021-07-23][15:45:23][catnetd][INFO] info
[2021-07-23][15:45:23][catnetd][WARN] warn
[2021-07-23][15:45:23][catnetd][ERROR] error
[2021-07-23][15:45:25][catnetd][DEBUG] debug
[2021-07-23][15:45:25][catnetd][INFO] info
[2021-07-23][15:45:25][catnetd][WARN] warn
[2021-07-23][15:45:25][catnetd][ERROR] error
[2021-07-23][15:45:26][catnetd][TRACE] trace
[2021-07-23][15:45:26][catnetd][DEBUG] debug
[2021-07-23][15:45:26][catnetd][INFO] info
[2021-07-23][15:45:26][catnetd][WARN] warn
[2021-07-23][15:45:26][catnetd][ERROR] error
[2021-07-23][15:45:27][catnetd][DEBUG] debug
[2021-07-23][15:45:27][catnetd][INFO] info
[2021-07-23][15:45:27][catnetd][WARN] warn
[2021-07-23][15:45:27][catnetd][ERROR] error
[2021-07-23][15:45:28][catnetd][DEBUG] debug
[2021-07-23][15:45:28][catnetd][INFO] info
[2021-07-23][15:45:28][catnetd][WARN] warn
[2021-07-23][15:45:28][catnetd][ERROR] error
[2021-07-23][15:45:31][catnetd][INFO] info
[2021-07-23][15:45:31][catnetd][WARN] warn
[2021-07-23][15:45:31][catnetd][ERROR] error
[2021-07-23][15:45:39][catnetd][DEBUG] debug
[2021-07-23][15:45:39][catnetd][INFO] info
[2021-07-23][15:45:39][catnetd][WARN] warn
[2021-07-23][15:45:39][catnetd][ERROR] error
[2021-07-23][15:45:40][catnetd][DEBUG] debug
[2021-07-23][15:45:40][catnetd][INFO] info
[2021-07-23][15:45:40][catnetd][WARN] warn
[2021-07-23][15:45:40][catnetd][ERROR] error
[2021-07-23][15:45:40][catnetd][TRACE] trace
[2021-07-23][15:45:40][catnetd][DEBUG] debug
[2021-07-23][15:45:40][catnetd][INFO] info
[2021-07-23][15:45:40][catnetd][WARN] warn
[2021-07-23][15:45:40][catnetd][ERROR] error
[2021-07-23][15:46:33][catnetd][TRACE] trace
[2021-07-23][15:46:33][catnetd][DEBUG] debug
[2021-07-23][15:46:33][catnetd][INFO] info
[2021-07-23][15:46:33][catnetd][WARN] warn
[2021-07-23][15:46:33][catnetd][ERROR] error
[2021-07-23][15:46:34][catnetd][TRACE] trace
[2021-07-23][15:46:34][catnetd][DEBUG] debug
[2021-07-23][15:46:34][catnetd][INFO] info
[2021-07-23][15:46:34][catnetd][WARN] warn
[2021-07-23][15:46:34][catnetd][ERROR] error
[2021-07-23][15:46:34][catnetd][TRACE] trace
[2021-07-23][15:46:34][catnetd][DEBUG] debug
[2021-07-23][15:46:34][catnetd][INFO] info
[2021-07-23][15:46:34][catnetd][WARN] warn
[2021-07-23][15:46:34][catnetd][ERROR] error
[2021-07-23][15:47:47][catnetd][TRACE] trace
[2021-07-23][15:47:47][catnetd][DEBUG] debug
[2021-07-23][15:47:47][catnetd][INFO] info
[2021-07-23][15:47:47][catnetd][WARN] warn
[2021-07-23][15:47:47][catnetd][ERROR] error
